  [1m[36m (1.0ms)[0m  [1mCREATE TABLE "schema_migrations" ("version" varchar(255) NOT NULL) [0m
  [1m[35m (2.1ms)[0m  CREATE UNIQUE INDEX "unique_schema_migrations" ON "schema_migrations" ("version")
  [1m[36mActiveRecord::SchemaMigration Load (0.1ms)[0m  [1mSELECT "schema_migrations".* FROM "schema_migrations"[0m
Migrating to CreateProjects (20130228190011)
  [1m[35m (0.1ms)[0m  begin transaction
  [1m[36m (0.4ms)[0m  [1mCREATE TABLE "projects" ("id" INTEGER PRIMARY KEY AUTOINCREMENT NOT NULL, "name" varchar(255), "description" text, "target_pledge_amount" decimal, "created_at" datetime, "updated_at" datetime) [0m
  [1m[35mSQL (0.2ms)[0m  INSERT INTO "schema_migrations" ("version") VALUES (?)  [["version", "20130228190011"]]
  [1m[36m (1.4ms)[0m  [1mcommit transaction[0m
Migrating to AddFieldsToProjects (20130228190204)
  [1m[35m (0.1ms)[0m  begin transaction
  [1m[36m (1.2ms)[0m  [1mALTER TABLE "projects" ADD "website" varchar(255)[0m
  [1m[35m (0.2ms)[0m  ALTER TABLE "projects" ADD "pledging_ends_on" date
  [1m[36mSQL (0.1ms)[0m  [1mINSERT INTO "schema_migrations" ("version") VALUES (?)[0m  [["version", "20130228190204"]]
  [1m[35m (1.1ms)[0m  commit transaction
Migrating to AddMoreFieldsToProjects (20130228222855)
  [1m[36m (0.1ms)[0m  [1mbegin transaction[0m
  [1m[35m (0.4ms)[0m  ALTER TABLE "projects" ADD "team_members" varchar(255)
  [1m[36m (0.2ms)[0m  [1mALTER TABLE "projects" ADD "image_file_name" varchar(255)[0m
  [1m[35mSQL (0.1ms)[0m  INSERT INTO "schema_migrations" ("version") VALUES (?)  [["version", "20130228222855"]]
  [1m[36m (1.0ms)[0m  [1mcommit transaction[0m
  [1m[35mActiveRecord::SchemaMigration Load (0.2ms)[0m  SELECT "schema_migrations".* FROM "schema_migrations"
  [1m[36mActiveRecord::SchemaMigration Load (0.1ms)[0m  [1mSELECT "schema_migrations".* FROM "schema_migrations"[0m
  [1m[35m (0.1ms)[0m  begin transaction
  [1m[36mSQL (2.7ms)[0m  [1mINSERT INTO "projects" ("created_at", "description", "image_file_name", "name", "pledging_ends_on", "target_pledge_amount", "team_members", "updated_at", "website") VALUES (?, ?, ?, ?, ?, ?, ?, ?, ?)[0m  [["created_at", Thu, 29 Aug 2013 04:13:45 UTC +00:00], ["description", "A description of a start-up project"], ["image_file_name", "project-a.png"], ["name", "Start-Up Project"], ["pledging_ends_on", Fri, 30 Aug 2013], ["target_pledge_amount", #<BigDecimal:7ffc4cca63b8,'0.1E3',9(45)>], ["team_members", "Amber, John, Charles"], ["updated_at", Thu, 29 Aug 2013 04:13:45 UTC +00:00], ["website", "http://project-a.com"]]
  [1m[35m (0.9ms)[0m  commit transaction
  [1m[36m (0.1ms)[0m  [1mbegin transaction[0m
  [1m[35mSQL (0.3ms)[0m  INSERT INTO "projects" ("created_at", "description", "image_file_name", "name", "pledging_ends_on", "target_pledge_amount", "team_members", "updated_at", "website") VALUES (?, ?, ?, ?, ?, ?, ?, ?, ?)  [["created_at", Thu, 29 Aug 2013 04:13:45 UTC +00:00], ["description", "A description of a community project"], ["image_file_name", "project-b.png"], ["name", "Community Project"], ["pledging_ends_on", Thu, 05 Sep 2013], ["target_pledge_amount", #<BigDecimal:7ffc4ccf80a0,'0.2E3',9(45)>], ["team_members", "Diana, Jane, Joe"], ["updated_at", Thu, 29 Aug 2013 04:13:45 UTC +00:00], ["website", "http://project-b.com"]]
  [1m[36m (0.9ms)[0m  [1mcommit transaction[0m
  [1m[35m (0.0ms)[0m  begin transaction
  [1m[36mSQL (0.3ms)[0m  [1mINSERT INTO "projects" ("created_at", "description", "image_file_name", "name", "pledging_ends_on", "target_pledge_amount", "team_members", "updated_at", "website") VALUES (?, ?, ?, ?, ?, ?, ?, ?, ?)[0m  [["created_at", Thu, 29 Aug 2013 04:13:45 UTC +00:00], ["description", "A description of a person project"], ["image_file_name", "project-c.png"], ["name", "Personal Project"], ["pledging_ends_on", Sun, 29 Sep 2013], ["target_pledge_amount", #<BigDecimal:7ffc4cd08f90,'0.3E3',9(45)>], ["team_members", "Tom, Harry, Sally"], ["updated_at", Thu, 29 Aug 2013 04:13:45 UTC +00:00], ["website", "http://project-c.com"]]
  [1m[35m (1.0ms)[0m  commit transaction


Started GET "/" for 127.0.0.1 at 2013-08-28 23:14:19 -0500
  [1m[36mActiveRecord::SchemaMigration Load (0.1ms)[0m  [1mSELECT "schema_migrations".* FROM "schema_migrations"[0m
Processing by ProjectsController#index as HTML
  [1m[35mProject Load (0.2ms)[0m  SELECT "projects".* FROM "projects" WHERE (pledging_ends_on >= '2013-08-29 04:14:19.978278') ORDER BY pledging_ends_on asc
  Rendered projects/index.html.erb within layouts/application (52.0ms)
  Rendered layouts/_header.html.erb (1.3ms)
  Rendered layouts/_sidebar.html.erb (1.2ms)
  Rendered layouts/_footer.html.erb (0.7ms)
Completed 200 OK in 1043ms (Views: 1015.6ms | ActiveRecord: 0.7ms)


Started GET "/assets/application.css?body=1" for 127.0.0.1 at 2013-08-28 23:14:21 -0500


Started GET "/assets/normalize.css?body=1" for 127.0.0.1 at 2013-08-28 23:14:21 -0500


Started GET "/assets/layout.css?body=1" for 127.0.0.1 at 2013-08-28 23:14:21 -0500


Started GET "/assets/elements.css?body=1" for 127.0.0.1 at 2013-08-28 23:14:21 -0500


Started GET "/assets/projects.css?body=1" for 127.0.0.1 at 2013-08-28 23:14:21 -0500


Started GET "/assets/buttons.css?body=1" for 127.0.0.1 at 2013-08-28 23:14:21 -0500


Started GET "/assets/forms.css?body=1" for 127.0.0.1 at 2013-08-28 23:14:21 -0500


Started GET "/assets/jquery.js?body=1" for 127.0.0.1 at 2013-08-28 23:14:21 -0500


Started GET "/assets/jquery_ujs.js?body=1" for 127.0.0.1 at 2013-08-28 23:14:21 -0500


Started GET "/assets/turbolinks.js?body=1" for 127.0.0.1 at 2013-08-28 23:14:21 -0500


Started GET "/assets/projects.js?body=1" for 127.0.0.1 at 2013-08-28 23:14:21 -0500


Started GET "/assets/application.js?body=1" for 127.0.0.1 at 2013-08-28 23:14:21 -0500


Started GET "/assets/background.jpg" for 127.0.0.1 at 2013-08-28 23:14:21 -0500


Started GET "/assets/logo.png" for 127.0.0.1 at 2013-08-28 23:14:21 -0500


Started GET "/assets/project-b.png" for 127.0.0.1 at 2013-08-28 23:14:21 -0500


Started GET "/assets/add.png" for 127.0.0.1 at 2013-08-28 23:14:21 -0500


Started GET "/assets/project-a.png" for 127.0.0.1 at 2013-08-28 23:14:21 -0500


Started GET "/assets/arrow.png" for 127.0.0.1 at 2013-08-28 23:14:21 -0500


Started GET "/assets/project-c.png" for 127.0.0.1 at 2013-08-28 23:14:21 -0500


Started GET "/projects/new" for 127.0.0.1 at 2013-08-28 23:14:44 -0500
Processing by ProjectsController#new as HTML
  Rendered projects/_form.html.erb (19.8ms)
  Rendered projects/new.html.erb within layouts/application (21.7ms)
  Rendered layouts/_header.html.erb (0.7ms)
  Rendered layouts/_sidebar.html.erb (0.8ms)
  Rendered layouts/_footer.html.erb (0.3ms)
Completed 200 OK in 36ms (Views: 34.8ms | ActiveRecord: 0.0ms)


Started GET "/projects" for 127.0.0.1 at 2013-08-28 23:14:53 -0500
Processing by ProjectsController#index as HTML
  [1m[36mProject Load (0.6ms)[0m  [1mSELECT "projects".* FROM "projects" WHERE (pledging_ends_on >= '2013-08-29 04:14:53.399608') ORDER BY pledging_ends_on asc[0m
  Rendered projects/index.html.erb within layouts/application (8.5ms)
  Rendered layouts/_header.html.erb (0.2ms)
  Rendered layouts/_sidebar.html.erb (0.3ms)
  Rendered layouts/_footer.html.erb (0.0ms)
Completed 200 OK in 22ms (Views: 20.1ms | ActiveRecord: 0.6ms)
